E:\WISTONE\WORKSPACE\ANDROID\JUNE\WISTONEGUI\DEBUG\WISTONEGUI.PCH
E:\WISTONE\WORKSPACE\ANDROID\JUNE\WISTONEGUI\DEBUG\STDAFX.OBJ
E:\WISTONE\WORKSPACE\ANDROID\JUNE\WISTONEGUI\DEBUG\VC110.PDB
E:\WISTONE\WORKSPACE\ANDROID\JUNE\WISTONEGUI\DEBUG\WISTONEGUI.OBJ
E:\WISTONE\WORKSPACE\ANDROID\JUNE\WISTONEGUI\DEBUG\SERVER.OBJ
E:\WISTONE\WORKSPACE\ANDROID\JUNE\WISTONEGUI\DEBUG\GUI.OBJ
E:\WISTONE\WORKSPACE\ANDROID\JUNE\WISTONEGUI\DEBUG\ASSEMBLYINFO.OBJ
E:\WISTONE\WORKSPACE\ANDROID\JUNE\WISTONEGUI\DEBUG\.NETFRAMEWORK,VERSION=V4.5.ASSEMBLYATTRIBUTES.OBJ
H:\WISTONE\WORKSPACE\ANDROID\JUNE\WISTONEGUI\DEBUG\WISTONEGUI.PCH
H:\WISTONE\WORKSPACE\ANDROID\JUNE\WISTONEGUI\DEBUG\STDAFX.OBJ
H:\WISTONE\WORKSPACE\ANDROID\JUNE\WISTONEGUI\DEBUG\VC110.PDB
H:\WISTONE\WORKSPACE\ANDROID\JUNE\WISTONEGUI\DEBUG\WISTONEGUI.OBJ
H:\WISTONE\WORKSPACE\ANDROID\JUNE\WISTONEGUI\DEBUG\SERVER.OBJ
H:\WISTONE\WORKSPACE\ANDROID\JUNE\WISTONEGUI\DEBUG\GUI.OBJ
H:\WISTONE\WORKSPACE\ANDROID\JUNE\WISTONEGUI\DEBUG\ASSEMBLYINFO.OBJ
H:\WISTONE\WORKSPACE\ANDROID\JUNE\WISTONEGUI\DEBUG\.NETFRAMEWORK,VERSION=V4.5.ASSEMBLYATTRIBUTES.OBJ
E:\Wistone\Workspace\Android\June\WistoneGUI\Debug\WistoneGUI.GUI.resources
H:\Wistone\Workspace\Android\June\WistoneGUI\Debug\WistoneGUI.GUI.resources
E:\WISTONE\WORKSPACE\ANDROID\JUNE\WISTONEGUI\DEBUG\APP.RES
H:\WISTONE\WORKSPACE\ANDROID\JUNE\WISTONEGUI\DEBUG\APP.RES
E:\WISTONE\WORKSPACE\ANDROID\JUNE\WISTONEGUI\DEBUG\WISTONEGUI.ILK
E:\WISTONE\WORKSPACE\ANDROID\JUNE\WISTONEGUI\DEBUG\WISTONEGUI.EXE
E:\WISTONE\WORKSPACE\ANDROID\JUNE\WISTONEGUI\DEBUG\WISTONEGUI.PDB
H:\WISTONE\WORKSPACE\ANDROID\JUNE\WISTONEGUI\DEBUG\WISTONEGUI.ILK
H:\WISTONE\WORKSPACE\ANDROID\JUNE\WISTONEGUI\DEBUG\WISTONEGUI.EXE
H:\WISTONE\WORKSPACE\ANDROID\JUNE\WISTONEGUI\DEBUG\WISTONEGUI.PDB
E:\Wistone\Workspace\Android\June\WistoneGUI\Debug\WistoneGUI.vcxproj.GenerateResource.Cache
E:\Wistone\Workspace\Android\June\WistoneGUI\Debug\WistoneGUI.vcxprojResolveAssemblyReference.cache
E:\Wistone\Workspace\Android\June\WistoneGUI\Debug\stdafx.obj
E:\Wistone\Workspace\Android\June\WistoneGUI\Debug\WistoneGUI.obj
E:\Wistone\Workspace\Android\June\WistoneGUI\Debug\server.obj
E:\Wistone\Workspace\Android\June\WistoneGUI\Debug\GUI.obj
E:\Wistone\Workspace\Android\June\WistoneGUI\Debug\AssemblyInfo.obj
E:\Wistone\Workspace\Android\June\WistoneGUI\Debug\.NETFramework,Version=v4.5.AssemblyAttributes.obj
E:\Wistone\Workspace\Android\June\WistoneGUI\Debug\WistoneGUI.ilk
E:\Wistone\Workspace\Android\June\WistoneGUI\Debug\metagen.write.1.tlog
E:\Wistone\Workspace\Android\June\WistoneGUI\Debug\CL.read.1.tlog
E:\Wistone\Workspace\Android\June\WistoneGUI\Debug\CL.write.1.tlog
E:\Wistone\Workspace\Android\June\WistoneGUI\Debug\cl.command.1.tlog
E:\Wistone\Workspace\Android\June\WistoneGUI\Debug\metagen.read.1.tlog
E:\Wistone\Workspace\Android\June\WistoneGUI\Debug\WistoneGUI.write.1.tlog
E:\Wistone\Workspace\Android\June\WistoneGUI\Debug\rc.read.1.tlog
E:\Wistone\Workspace\Android\June\WistoneGUI\Debug\rc.write.1.tlog
E:\Wistone\Workspace\Android\June\WistoneGUI\Debug\rc.command.1.tlog
E:\Wistone\Workspace\Android\June\WistoneGUI\Debug\link.105540-rc.read.1.tlog
E:\Wistone\Workspace\Android\June\WistoneGUI\Debug\link.105540-rc.write.1.tlog
E:\Wistone\Workspace\Android\June\WistoneGUI\Debug\link.105540-cvtres.read.1.tlog
E:\Wistone\Workspace\Android\June\WistoneGUI\Debug\link.105540-cvtres.write.1.tlog
E:\Wistone\Workspace\Android\June\WistoneGUI\Debug\link.105540.read.1.tlog
E:\Wistone\Workspace\Android\June\WistoneGUI\Debug\link.105540.write.1.tlog
E:\Wistone\Workspace\Android\June\WistoneGUI\Debug\link.read.1.tlog
E:\Wistone\Workspace\Android\June\WistoneGUI\Debug\link.write.1.tlog
E:\Wistone\Workspace\Android\June\WistoneGUI\Debug\link.command.1.tlog
E:\Wistone\Workspace\Android\June\WistoneGUI\Debug\link.116020-rc.read.1.tlog
E:\Wistone\Workspace\Android\June\WistoneGUI\Debug\link.116020-rc.write.1.tlog
E:\Wistone\Workspace\Android\June\WistoneGUI\Debug\link.116020-cvtres.read.1.tlog
E:\Wistone\Workspace\Android\June\WistoneGUI\Debug\link.116020-cvtres.write.1.tlog
E:\Wistone\Workspace\Android\June\WistoneGUI\Debug\link.116020.read.1.tlog
E:\Wistone\Workspace\Android\June\WistoneGUI\Debug\link.116020.write.1.tlog
E:\Wistone\Workspace\Android\June\WistoneGUI\Debug\link.4576-rc.read.1.tlog
E:\Wistone\Workspace\Android\June\WistoneGUI\Debug\link.4576-rc.write.1.tlog
E:\Wistone\Workspace\Android\June\WistoneGUI\Debug\link.4576-cvtres.read.1.tlog
E:\Wistone\Workspace\Android\June\WistoneGUI\Debug\link.4576-cvtres.write.1.tlog
E:\Wistone\Workspace\Android\June\WistoneGUI\Debug\link.4576.read.1.tlog
E:\Wistone\Workspace\Android\June\WistoneGUI\Debug\link.4576.write.1.tlog
E:\Wistone\Workspace\Android\June\WistoneGUI\Debug\app.res
E:\Wistone\Workspace\Android\June\WistoneGUI\Debug\WistoneGUI.pch
E:\Wistone\Workspace\Android\June\WistoneGUI\Debug\vc110.pdb
E:\Wistone\Workspace\Android\June\WistoneGUI\Debug\WistoneGUI.pdb
E:\Wistone\Workspace\Android\June\WistoneGUI\Debug\WistoneGUI.exe.metagen
E:\Wistone\Workspace\Android\June\WistoneGUI\Debug\RSAENH.DLL.bi
E:\Wistone\Workspace\Android\June\WistoneGUI\Debug\TZRES.DLL.bi
E:\Wistone\Workspace\Android\June\WistoneGUI\Debug\WistoneGUI.exe
